Build started 20/11/2014 19:31:07.
     1>Project "C:\Users\User\Desktop\essaisC++\turing\experiences\experiences.vcxproj" on node 2 (build target(s)).
     1>InitializeBuildStatus:
         Creating "Debug\experiences.unsuccessfulbuild" because "AlwaysCreate" was specified.
       ClCompile:
         c:\Program Files (x86)\Microsoft Visual Studio 10.0\VC\bin\CL.exe /c /ZI /nologo /W3 /WX- /Od /Oy- /D WIN32 /D _DEBUG /D _CONSOLE /D _UNICODE /D UNICODE /Gm /EHsc /RTC1 /MDd /GS /fp:precise /Zc:wchar_t /Zc:forScope /Fo"Debug\\" /Fd"Debug\vc100.pdb" /Gd /TP /analyze- /errorReport:prompt version11.cpp
         version11.cpp
     1>c:\users\user\desktop\essaisc++\turing\experiences\version11.cpp(91): warning C4244: 'argument' : conversion from '__int64' to 'unsigned int', possible loss of data
     1>c:\users\user\desktop\essaisc++\turing\experiences\version11.cpp(92): warning C4244: 'argument' : conversion from '__int64' to 'unsigned int', possible loss of data
     1>c:\users\user\desktop\essaisc++\turing\experiences\version11.cpp(74): warning C4101: 'j1' : unreferenced local variable
       ManifestResourceCompile:
         c:\Program Files (x86)\Microsoft SDKs\Windows\v7.0A\bin\rc.exe /nologo /fo"Debug\experiences.exe.embed.manifest.res" Debug\experiences_manifest.rc 
       Link:
         c:\Program Files (x86)\Microsoft Visual Studio 10.0\VC\bin\link.exe /ERRORREPORT:PROMPT /OUT:"C:\Users\User\Desktop\essaisC++\turing\Debug\experiences.exe" /INCREMENTAL /NOLOGO kernel32.lib user32.lib gdi32.lib winspool.lib comdlg32.lib advapi32.lib shell32.lib ole32.lib oleaut32.lib uuid.lib odbc32.lib odbccp32.lib /MANIFEST /ManifestFile:"Debug\experiences.exe.intermediate.manifest" /MANIFESTUAC:"level='asInvoker' uiAccess='false'" /DEBUG /PDB:"C:\Users\User\Desktop\essaisC++\turing\Debug\experiences.pdb" /SUBSYSTEM:CONSOLE /TLBID:1 /DYNAMICBASE /NXCOMPAT /IMPLIB:"C:\Users\User\Desktop\essaisC++\turing\Debug\experiences.lib" /MACHINE:X86 Debug\experiences.exe.embed.manifest.res
         Debug\version11.obj
     1>LINK : fatal error LNK1123: failure during conversion to COFF: file invalid or corrupt
     1>Done Building Project "C:\Users\User\Desktop\essaisC++\turing\experiences\experiences.vcxproj" (build target(s)) -- FAILED.

Build FAILED.

Time Elapsed 00:00:00.66
