Build started 18/05/2015 21:43:04.
     1>Project "C:\Users\User\Desktop\Turing_Machines\SBTM\SBTM\SBTM.vcxproj" on node 2 (build target(s)).
     1>PrepareForBuild:
         Creating directory "C:\Users\User\Desktop\Turing_Machines\SBTM\Debug\".
       InitializeBuildStatus:
         Creating "Debug\SBTM.unsuccessfulbuild" because "AlwaysCreate" was specified.
       ClCompile:
         c:\Program Files (x86)\Microsoft Visual Studio 10.0\VC\bin\CL.exe /c /ZI /nologo /W3 /WX- /Od /Oy- /D WIN32 /D _DEBUG /D _WINDOWS /D _UNICODE /D UNICODE /Gm /EHsc /RTC1 /MDd /GS /fp:precise /Zc:wchar_t /Zc:forScope /Yc"StdAfx.h" /Fp"Debug\SBTM.pch" /Fo"Debug\\" /Fd"Debug\vc100.pdb" /Gd /TP /analyze- /errorReport:prompt stdafx.cpp
         stdafx.cpp
         c:\Program Files (x86)\Microsoft Visual Studio 10.0\VC\bin\CL.exe /c /ZI /nologo /W3 /WX- /Od /Oy- /D WIN32 /D _DEBUG /D _WINDOWS /D _UNICODE /D UNICODE /Gm /EHsc /RTC1 /MDd /GS /fp:precise /Zc:wchar_t /Zc:forScope /Yu"StdAfx.h" /Fp"Debug\SBTM.pch" /Fo"Debug\\" /Fd"Debug\vc100.pdb" /Gd /TP /analyze- /errorReport:prompt SBTM.cpp
         SBTM.cpp
     1>c:\users\user\desktop\turing_machines\sbtm\sbtm\sbtm.cpp(238): warning C4244: 'argument' : conversion from '__int64' to 'unsigned int', possible loss of data
     1>c:\users\user\desktop\turing_machines\sbtm\sbtm\sbtm.cpp(271): warning C4244: 'argument' : conversion from '__int64' to 'unsigned int', possible loss of data
     1>c:\users\user\desktop\turing_machines\sbtm\sbtm\sbtm.cpp(272): warning C4244: 'argument' : conversion from '__int64' to 'unsigned int', possible loss of data
     1>c:\users\user\desktop\turing_machines\sbtm\sbtm\sbtm.cpp(235): warning C4101: 'u' : unreferenced local variable
     1>c:\users\user\desktop\turing_machines\sbtm\sbtm\sbtm.cpp(235): warning C4101: 'j1' : unreferenced local variable
       ResourceCompile:
         c:\Program Files (x86)\Microsoft SDKs\Windows\v7.0A\bin\rc.exe /D _UNICODE /D UNICODE /l"0x0409" /nologo /fo"Debug\SBTM.res" SBTM.rc 
       ManifestResourceCompile:
         c:\Program Files (x86)\Microsoft SDKs\Windows\v7.0A\bin\rc.exe /nologo /fo"Debug\SBTM.exe.embed.manifest.res" Debug\SBTM_manifest.rc 
       Link:
         c:\Program Files (x86)\Microsoft Visual Studio 10.0\VC\bin\link.exe /ERRORREPORT:PROMPT /OUT:"C:\Users\User\Desktop\Turing_Machines\SBTM\Debug\SBTM.exe" /INCREMENTAL /NOLOGO kernel32.lib user32.lib gdi32.lib winspool.lib comdlg32.lib advapi32.lib shell32.lib ole32.lib oleaut32.lib uuid.lib odbc32.lib odbccp32.lib /MANIFEST /ManifestFile:"Debug\SBTM.exe.intermediate.manifest" /MANIFESTUAC:"level='asInvoker' uiAccess='false'" /DEBUG /PDB:"C:\Users\User\Desktop\Turing_Machines\SBTM\Debug\SBTM.pdb" /SUBSYSTEM:WINDOWS /TLBID:1 /DYNAMICBASE /NXCOMPAT /IMPLIB:"C:\Users\User\Desktop\Turing_Machines\SBTM\Debug\SBTM.lib" /MACHINE:X86 Debug\SBTM.res
         Debug\SBTM.exe.embed.manifest.res
         Debug\SBTM.obj
         Debug\stdafx.obj
     1>LINK : fatal error LNK1123: failure during conversion to COFF: file invalid or corrupt
     1>Done Building Project "C:\Users\User\Desktop\Turing_Machines\SBTM\SBTM\SBTM.vcxproj" (build target(s)) -- FAILED.

Build FAILED.

Time Elapsed 00:00:01.59
